0 info it worked if it ends with ok
1 verbose cli [ '/usr/local/bin/node',
1 verbose cli   '/usr/local/lib/node_modules/npm/bin/npm-cli.js',
1 verbose cli   'install',
1 verbose cli   '--scripts-prepend-node-path=auto' ]
2 info using npm@3.10.8
3 info using node@v6.9.1
4 silly loadCurrentTree Starting
5 silly install loadCurrentTree
6 silly install readLocalPackageData
7 silly install normalizeTree
8 silly loadCurrentTree Finishing
9 silly loadIdealTree Starting
10 silly install loadIdealTree
11 silly cloneCurrentTree Starting
12 silly install cloneCurrentTreeToIdealTree
13 silly cloneCurrentTree Finishing
14 silly loadShrinkwrap Starting
15 silly install loadShrinkwrap
16 silly loadShrinkwrap Finishing
17 silly loadAllDepsIntoIdealTree Starting
18 silly install loadAllDepsIntoIdealTree
19 silly fetchNamedPackageData jekyll
20 silly mapToRegistry name jekyll
21 silly mapToRegistry using default registry
22 silly mapToRegistry registry http://registry.cnpmjs.org/
23 silly mapToRegistry data Result {
23 silly mapToRegistry   raw: 'jekyll',
23 silly mapToRegistry   scope: null,
23 silly mapToRegistry   escapedName: 'jekyll',
23 silly mapToRegistry   name: 'jekyll',
23 silly mapToRegistry   rawSpec: '',
23 silly mapToRegistry   spec: 'latest',
23 silly mapToRegistry   type: 'tag' }
24 silly mapToRegistry uri http://registry.cnpmjs.org/jekyll
25 silly fetchNamedPackageData lessc
26 silly mapToRegistry name lessc
27 silly mapToRegistry using default registry
28 silly mapToRegistry registry http://registry.cnpmjs.org/
29 silly mapToRegistry data Result {
29 silly mapToRegistry   raw: 'lessc',
29 silly mapToRegistry   scope: null,
29 silly mapToRegistry   escapedName: 'lessc',
29 silly mapToRegistry   name: 'lessc',
29 silly mapToRegistry   rawSpec: '',
29 silly mapToRegistry   spec: 'latest',
29 silly mapToRegistry   type: 'tag' }
30 silly mapToRegistry uri http://registry.cnpmjs.org/lessc
31 verbose request uri http://registry.cnpmjs.org/lessc
32 verbose request no auth needed
33 info attempt registry request try #1 at 11:25:08 PM
34 verbose request id a2227206872f848c
35 http request GET http://registry.cnpmjs.org/lessc
36 verbose request uri http://registry.cnpmjs.org/jekyll
37 verbose request no auth needed
38 info attempt registry request try #1 at 11:25:09 PM
39 http request GET http://registry.cnpmjs.org/jekyll
40 http 404 http://registry.cnpmjs.org/lessc
41 verbose headers { server: 'nginx/1.4.6 (Ubuntu)',
41 verbose headers   date: 'Sat, 30 Dec 2017 15:25:09 GMT',
41 verbose headers   'content-type': 'application/json; charset=utf-8',
41 verbose headers   'transfer-encoding': 'chunked',
41 verbose headers   connection: 'keep-alive',
41 verbose headers   'x-current-requests': '1',
41 verbose headers   'x-readtime': '9',
41 verbose headers   'content-encoding': 'gzip' }
42 silly get cb [ 404,
42 silly get   { server: 'nginx/1.4.6 (Ubuntu)',
42 silly get     date: 'Sat, 30 Dec 2017 15:25:09 GMT',
42 silly get     'content-type': 'application/json; charset=utf-8',
42 silly get     'transfer-encoding': 'chunked',
42 silly get     connection: 'keep-alive',
42 silly get     'x-current-requests': '1',
42 silly get     'x-readtime': '9',
42 silly get     'content-encoding': 'gzip' } ]
43 silly fetchPackageMetaData Error: 404 Not Found: lessc
43 silly fetchPackageMetaData     at makeError (/usr/local/lib/node_modules/npm/node_modules/npm-registry-client/lib/request.js:302:12)
43 silly fetchPackageMetaData     at CachingRegistryClient.<anonymous> (/usr/local/lib/node_modules/npm/node_modules/npm-registry-client/lib/request.js:288:14)
43 silly fetchPackageMetaData     at /usr/local/lib/node_modules/npm/node_modules/npm-registry-client/lib/request.js:216:7
43 silly fetchPackageMetaData     at Gunzip.onEnd (zlib.js:227:5)
43 silly fetchPackageMetaData     at emitNone (events.js:91:20)
43 silly fetchPackageMetaData     at Gunzip.emit (events.js:185:7)
43 silly fetchPackageMetaData     at endReadableNT (_stream_readable.js:974:12)
43 silly fetchPackageMetaData     at _combinedTickCallback (internal/process/next_tick.js:74:11)
43 silly fetchPackageMetaData     at process._tickCallback (internal/process/next_tick.js:98:9)
43 silly fetchPackageMetaData  error for lessc@1.3.3 { Error: 404 Not Found: lessc
43 silly fetchPackageMetaData     at makeError (/usr/local/lib/node_modules/npm/node_modules/npm-registry-client/lib/request.js:302:12)
43 silly fetchPackageMetaData     at CachingRegistryClient.<anonymous> (/usr/local/lib/node_modules/npm/node_modules/npm-registry-client/lib/request.js:288:14)
43 silly fetchPackageMetaData     at /usr/local/lib/node_modules/npm/node_modules/npm-registry-client/lib/request.js:216:7
43 silly fetchPackageMetaData     at Gunzip.onEnd (zlib.js:227:5)
43 silly fetchPackageMetaData     at emitNone (events.js:91:20)
43 silly fetchPackageMetaData     at Gunzip.emit (events.js:185:7)
43 silly fetchPackageMetaData     at endReadableNT (_stream_readable.js:974:12)
43 silly fetchPackageMetaData     at _combinedTickCallback (internal/process/next_tick.js:74:11)
43 silly fetchPackageMetaData     at process._tickCallback (internal/process/next_tick.js:98:9) pkgid: 'lessc', statusCode: 404, code: 'E404' }
44 http 200 http://registry.cnpmjs.org/jekyll
45 verbose headers { server: 'nginx/1.4.6 (Ubuntu)',
45 verbose headers   date: 'Sat, 30 Dec 2017 15:25:09 GMT',
45 verbose headers   'content-type': 'application/json; charset=utf-8',
45 verbose headers   'transfer-encoding': 'chunked',
45 verbose headers   connection: 'keep-alive',
45 verbose headers   'x-current-requests': '1',
45 verbose headers   'x-readtime': '11',
45 verbose headers   'strict-transport-security': 'max-age=15768000',
45 verbose headers   'content-encoding': 'gzip' }
46 silly get cb [ 200,
46 silly get   { server: 'nginx/1.4.6 (Ubuntu)',
46 silly get     date: 'Sat, 30 Dec 2017 15:25:09 GMT',
46 silly get     'content-type': 'application/json; charset=utf-8',
46 silly get     'transfer-encoding': 'chunked',
46 silly get     connection: 'keep-alive',
46 silly get     'x-current-requests': '1',
46 silly get     'x-readtime': '11',
46 silly get     'strict-transport-security': 'max-age=15768000',
46 silly get     'content-encoding': 'gzip' } ]
47 verbose get saving jekyll to /Users/mac/.npm/registry.cnpmjs.org/jekyll/.cache.json
48 verbose correctMkdir /Users/mac/.npm correctMkdir not in flight; initializing
49 silly fetchPackageMetaData Error: No compatible version found: jekyll@1.0.2
49 silly fetchPackageMetaData Valid install targets:
49 silly fetchPackageMetaData 3.0.0-beta1
49 silly fetchPackageMetaData
49 silly fetchPackageMetaData     at pickVersionFromRegistryDocument (/usr/local/lib/node_modules/npm/lib/fetch-package-metadata.js:178:16)
49 silly fetchPackageMetaData     at /usr/local/lib/node_modules/npm/node_modules/iferr/index.js:13:50
49 silly fetchPackageMetaData     at /usr/local/lib/node_modules/npm/lib/utils/pulse-till-done.js:20:8
49 silly fetchPackageMetaData     at saved (/usr/local/lib/node_modules/npm/lib/cache/caching-client.js:174:7)
49 silly fetchPackageMetaData     at /usr/local/lib/node_modules/npm/node_modules/graceful-fs/polyfills.js:233:18
49 silly fetchPackageMetaData     at FSReqWrap.oncomplete (fs.js:123:15)
49 silly fetchPackageMetaData  error for jekyll@1.0.2 { Error: No compatible version found: jekyll@1.0.2
49 silly fetchPackageMetaData Valid install targets:
49 silly fetchPackageMetaData 3.0.0-beta1
49 silly fetchPackageMetaData
49 silly fetchPackageMetaData     at pickVersionFromRegistryDocument (/usr/local/lib/node_modules/npm/lib/fetch-package-metadata.js:178:16)
49 silly fetchPackageMetaData     at /usr/local/lib/node_modules/npm/node_modules/iferr/index.js:13:50
49 silly fetchPackageMetaData     at /usr/local/lib/node_modules/npm/lib/utils/pulse-till-done.js:20:8
49 silly fetchPackageMetaData     at saved (/usr/local/lib/node_modules/npm/lib/cache/caching-client.js:174:7)
49 silly fetchPackageMetaData     at /usr/local/lib/node_modules/npm/node_modules/graceful-fs/polyfills.js:233:18
49 silly fetchPackageMetaData     at FSReqWrap.oncomplete (fs.js:123:15) code: 'ETARGET' }
50 silly rollbackFailedOptional Starting
51 silly rollbackFailedOptional Finishing
52 silly runTopLevelLifecycles Finishing
53 silly install printInstalled
54 verbose stack Error: 404 Not Found: lessc
54 verbose stack     at makeError (/usr/local/lib/node_modules/npm/node_modules/npm-registry-client/lib/request.js:302:12)
54 verbose stack     at CachingRegistryClient.<anonymous> (/usr/local/lib/node_modules/npm/node_modules/npm-registry-client/lib/request.js:288:14)
54 verbose stack     at /usr/local/lib/node_modules/npm/node_modules/npm-registry-client/lib/request.js:216:7
54 verbose stack     at Gunzip.onEnd (zlib.js:227:5)
54 verbose stack     at emitNone (events.js:91:20)
54 verbose stack     at Gunzip.emit (events.js:185:7)
54 verbose stack     at endReadableNT (_stream_readable.js:974:12)
54 verbose stack     at _combinedTickCallback (internal/process/next_tick.js:74:11)
54 verbose stack     at process._tickCallback (internal/process/next_tick.js:98:9)
55 verbose statusCode 404
56 verbose pkgid lessc
57 verbose cwd /Users/mac/LineProjects/ff/public/resources/views/web/xmgw/css/Font-Awesome-3.2.1 2
58 error Darwin 16.6.0
59 error argv "/usr/local/bin/node" "/usr/local/lib/node_modules/npm/bin/npm-cli.js" "install" "--scripts-prepend-node-path=auto"
60 error node v6.9.1
61 error npm  v3.10.8
62 error code E404
63 error 404 Not Found: lessc
64 error 404
65 error 404 'lessc' is not in the npm registry.
66 error 404 You should bug the author to publish it (or use the name yourself!)
67 error 404 It was specified as a dependency of 'font-awesome'
68 error 404 Note that you can also install from a
69 error 404 tarball, folder, http url, or git url.
70 verbose exit [ 1, true ]
